<?xml version="1.0" encoding="UTF-8" standalone="no"?>
<testsuite errors="0" failures="0" name="io.cucumber.core.plugin.JUnitFormatter" skipped="0" tests="1" time="0.285">
    <testcase classname="feature to test E2E functionality" name="Check login is successfull with vaild credentials" time="0.017">
        <system-out><![CDATA[Given user is on login page.................................................passed
When user enter email and password..........................................passed
And click on login button...................................................passed
Then user is navigated to the home page.....................................passed
]]></system-out>
    </testcase>
</testsuite>
